Using pre-set license
Built from '2021.3/staging' branch; Version is '2021.3.6f1 (7da38d85baf6) revision 8233869'; Using compiler version '192829333'; Build Type 'Release'
OS: 'Windows 10  (10.0.19044) 64bit Professional' Language: 'ko' Physical Memory: 16266 MB
BatchMode: 1, IsHumanControllingUs: 0, StartBugReporterOnCrash: 0, Is64bit: 1, IsPro: 1

COMMAND LINE ARGUMENTS:
C:\Program Files\Unity\Hub\Editor\2021.3.6f1\Editor\Unity.exe
-adb2
-batchMode
-noUpm
-name
AssetImportWorker0
-projectPath
D:/Unity/Github/UniRun/Uni-Run
-logFile
Logs/AssetImportWorker0.log
-srvPort
54884
Successfully changed project path to: D:/Unity/Github/UniRun/Uni-Run
D:/Unity/Github/UniRun/Uni-Run
[UnityMemory] Configuration Parameters - Can be set up in boot.config
    "memorysetup-bucket-allocator-granularity=16"
    "memorysetup-bucket-allocator-bucket-count=8"
    "memorysetup-bucket-allocator-block-size=33554432"
    "memorysetup-bucket-allocator-block-count=8"
    "memorysetup-main-allocator-block-size=16777216"
    "memorysetup-thread-allocator-block-size=16777216"
    "memorysetup-gfx-main-allocator-block-size=16777216"
    "memorysetup-gfx-thread-allocator-block-size=16777216"
    "memorysetup-cache-allocator-block-size=4194304"
    "memorysetup-typetree-allocator-block-size=2097152"
    "memorysetup-profiler-bucket-allocator-granularity=16"
    "memorysetup-profiler-bucket-allocator-bucket-count=8"
    "memorysetup-profiler-bucket-allocator-block-size=33554432"
    "memorysetup-profiler-bucket-allocator-block-count=8"
    "memorysetup-profiler-allocator-block-size=16777216"
    "memorysetup-profiler-editor-allocator-block-size=1048576"
    "memorysetup-temp-allocator-size-main=16777216"
    "memorysetup-job-temp-allocator-block-size=2097152"
    "memorysetup-job-temp-allocator-block-size-background=1048576"
    "memorysetup-job-temp-allocator-reduction-small-platforms=262144"
    "memorysetup-temp-allocator-size-background-worker=32768"
    "memorysetup-temp-allocator-size-job-worker=262144"
    "memorysetup-temp-allocator-size-preload-manager=33554432"
    "memorysetup-temp-allocator-size-nav-mesh-worker=65536"
    "memorysetup-temp-allocator-size-audio-worker=65536"
    "memorysetup-temp-allocator-size-cloud-worker=32768"
    "memorysetup-temp-allocator-size-gi-baking-worker=262144"
    "memorysetup-temp-allocator-size-gfx=262144"
Refreshing native plugins compatible for Editor in 109.46 ms, found 4 plugins.
Preloading 0 native plugins for Editor in 0.00 ms.
Initialize engine version: 2021.3.6f1 (7da38d85baf6)
[Subsystems] Discovering subsystems at path C:/Program Files/Unity/Hub/Editor/2021.3.6f1/Editor/Data/Resources/UnitySubsystems
[Subsystems] Discovering subsystems at path D:/Unity/Github/UniRun/Uni-Run/Assets
GfxDevice: creating device client; threaded=0; jobified=0
Direct3D:
    Version:  Direct3D 11.0 [level 11.1]
    Renderer: NVIDIA GeForce GTX 1060 3GB (ID=0x1c02)
    Vendor:   NVIDIA
    VRAM:     2988 MB
    Driver:   30.0.15.1215
Initialize mono
Mono path[0] = 'C:/Program Files/Unity/Hub/Editor/2021.3.6f1/Editor/Data/Managed'
Mono path[1] = 'C:/Program Files/Unity/Hub/Editor/2021.3.6f1/Editor/Data/MonoBleedingEdge/lib/mono/unityjit-win32'
Mono config path = 'C:/Program Files/Unity/Hub/Editor/2021.3.6f1/Editor/Data/MonoBleedingEdge/etc'
Using monoOptions --debugger-agent=transport=dt_socket,embedding=1,server=y,suspend=n,address=127.0.0.1:56604
Begin MonoManager ReloadAssembly
Registering precompiled unity dll's ...
Register platform support module: C:/Program Files/Unity/Hub/Editor/2021.3.6f1/Editor/Data/PlaybackEngines/WindowsStandaloneSupport/UnityEditor.WindowsStandalone.Extensions.dll
Registered in 0.007997 seconds.
Native extension for WindowsStandalone target not found
Refreshing native plugins compatible for Editor in 108.86 ms, found 4 plugins.
Preloading 0 native plugins for Editor in 0.00 ms.
Mono: successfully reloaded assembly
- Completed reload, in  0.733 seconds
Domain Reload Profiling:
	ReloadAssembly (733ms)
		BeginReloadAssembly (81ms)
			ExecutionOrderSort (0ms)
			DisableScriptedObjects (0ms)
			BackupInstance (0ms)
			ReleaseScriptingObjects (0ms)
			CreateAndSetChildDomain (1ms)
		EndReloadAssembly (523ms)
			LoadAssemblies (78ms)
			RebuildTransferFunctionScriptingTraits (0ms)
			SetupTypeCache (125ms)
			ReleaseScriptCaches (0ms)
			RebuildScriptCaches (30ms)
			SetupLoadedEditorAssemblies (305ms)
				LogAssemblyErrors (0ms)
				InitializePlatformSupportModulesInManaged (8ms)
				SetLoadedEditorAssemblies (0ms)
				RefreshPlugins (109ms)
				BeforeProcessingInitializeOnLoad (1ms)
				ProcessInitializeOnLoadAttributes (135ms)
				ProcessInitializeOnLoadMethodAttributes (51ms)
				AfterProcessingInitializeOnLoad (0ms)
				EditorAssembliesLoaded (0ms)
			ExecutionOrderSort2 (0ms)
			AwakeInstancesAfterBackupRestoration (0ms)
Platform modules already initialized, skipping
Registering precompiled user dll's ...
Registered in 0.006716 seconds.
Begin MonoManager ReloadAssembly
Symbol file LoadedFromMemory doesn't match image D:\Unity\Github\UniRun\Uni-Run\Library\PackageCache\com.unity.visualscripting@1.7.8\Editor\VisualScripting.Core\Dependencies\YamlDotNet\Unity.VisualScripting.YamlDotNet.dll
Symbol file LoadedFromMemory doesn't match image D:\Unity\Github\UniRun\Uni-Run\Library\PackageCache\com.unity.visualscripting@1.7.8\Editor\VisualScripting.Core\Dependencies\DotNetZip\Unity.VisualScripting.IonicZip.dll
Native extension for WindowsStandalone target not found
Refreshing native plugins compatible for Editor in 105.77 ms, found 4 plugins.
Preloading 0 native plugins for Editor in 0.00 ms.
Mono: successfully reloaded assembly
- Completed reload, in  1.277 seconds
Domain Reload Profiling:
	ReloadAssembly (1278ms)
		BeginReloadAssembly (127ms)
			ExecutionOrderSort (0ms)
			DisableScriptedObjects (6ms)
			BackupInstance (0ms)
			ReleaseScriptingObjects (0ms)
			CreateAndSetChildDomain (20ms)
		EndReloadAssembly (1016ms)
			LoadAssemblies (88ms)
			RebuildTransferFunctionScriptingTraits (0ms)
			SetupTypeCache (281ms)
			ReleaseScriptCaches (1ms)
			RebuildScriptCaches (59ms)
			SetupLoadedEditorAssemblies (538ms)
				LogAssemblyErrors (0ms)
				InitializePlatformSupportModulesInManaged (5ms)
				SetLoadedEditorAssemblies (0ms)
				RefreshPlugins (106ms)
				BeforeProcessingInitializeOnLoad (111ms)
				ProcessInitializeOnLoadAttributes (256ms)
				ProcessInitializeOnLoadMethodAttributes (51ms)
				AfterProcessingInitializeOnLoad (8ms)
				EditorAssembliesLoaded (0ms)
			ExecutionOrderSort2 (0ms)
			AwakeInstancesAfterBackupRestoration (7ms)
Platform modules already initialized, skipping
========================================================================
Worker process is ready to serve import requests
Launched and connected shader compiler UnityShaderCompiler.exe after 0.05 seconds
Refreshing native plugins compatible for Editor in 0.72 ms, found 4 plugins.
Preloading 0 native plugins for Editor in 0.00 ms.
Unloading 4057 Unused Serialized files (Serialized files now loaded: 0)
Unloading 44 unused Assets / (222.4 KB). Loaded Objects now: 4507.
Memory consumption went from 155.4 MB to 155.1 MB.
Total: 3.710000 ms (FindLiveObjects: 0.324400 ms CreateObjectMapping: 0.267500 ms MarkObjects: 2.950900 ms  DeleteObjects: 0.166000 ms)

AssetImportParameters requested are different than current active one (requested -> active):
  custom:video-decoder-ogg-theora: a1e56fd34408186e4bbccfd4996cb3dc -> 
  custom:container-muxer-webm: aa71ff27fc2769a1b78a27578f13a17b -> 
  custom:container-demuxer-webm: 4f35f7cbe854078d1ac9338744f61a02 -> 
  custom:video-encoder-webm-vp8: eb34c28f22e8b96e1ab97ce403110664 -> 
  custom:audio-encoder-webm-vorbis: bf7c407c2cedff20999df2af8eb42d56 -> 
  custom:framework-win-MediaFoundation: 216162199b28c13a410421893ffa2e32 -> 
  custom:container-demuxer-ogg: 62fdf1f143b41e24485cea50d1cbac27 -> 
  custom:video-decoder-webm-vp8: 9c59270c3fd7afecdb556c50c9e8de78 -> 
  custom:audio-decoder-ogg-vorbis: bf7c407c2cedff20999df2af8eb42d56 -> 
========================================================================
Received Import Request.
  Time since last request: 1370094.782842 seconds.
  path: Assets/Scenes
  artifactKey: Guid(131a6b21c8605f84396be9f6751fb6e3) Importer(815301076,1909f56bfc062723c751e8b465ee728b)
Start importing Assets/Scenes using Guid(131a6b21c8605f84396be9f6751fb6e3) Importer(815301076,1909f56bfc062723c751e8b465ee728b)  -> (artifact id: '2c23e514d24f6b65fe96946cd87fc526') in 0.010869 seconds 
========================================================================
Received Import Request.
  Time since last request: 6.346340 seconds.
  path: Assets/01. Scenes
  artifactKey: Guid(131a6b21c8605f84396be9f6751fb6e3) Importer(815301076,1909f56bfc062723c751e8b465ee728b)
Start importing Assets/01. Scenes using Guid(131a6b21c8605f84396be9f6751fb6e3) Importer(815301076,1909f56bfc062723c751e8b465ee728b)  -> (artifact id: 'bd88b07c8b6756db83abae17f1c8fa9b') in 0.005623 seconds 
========================================================================
Received Import Request.
  Time since last request: 17.698792 seconds.
  path: Assets/02. Scripts
  artifactKey: Guid(b8eba06333dcb9b4fa5a8ac9a3e86606) Importer(815301076,1909f56bfc062723c751e8b465ee728b)
Start importing Assets/02. Scripts using Guid(b8eba06333dcb9b4fa5a8ac9a3e86606) Importer(815301076,1909f56bfc062723c751e8b465ee728b)  -> (artifact id: '035a2c3b3bad8bffc9b1a9f4b76e6d9d') in 0.005649 seconds 
========================================================================
Received Import Request.
  Time since last request: 18.206004 seconds.
  path: Assets/Prefabs
  artifactKey: Guid(6fbc77eaa5f99b94b8baa65599cba838) Importer(815301076,1909f56bfc062723c751e8b465ee728b)
Start importing Assets/Prefabs using Guid(6fbc77eaa5f99b94b8baa65599cba838) Importer(815301076,1909f56bfc062723c751e8b465ee728b)  -> (artifact id: 'd3ad49d0a88568c093eb8ac5c20d2b1a') in 0.005570 seconds 
========================================================================
Received Import Request.
  Time since last request: 4.248416 seconds.
  path: Assets/03. Prefabs
  artifactKey: Guid(6fbc77eaa5f99b94b8baa65599cba838) Importer(815301076,1909f56bfc062723c751e8b465ee728b)
Start importing Assets/03. Prefabs using Guid(6fbc77eaa5f99b94b8baa65599cba838) Importer(815301076,1909f56bfc062723c751e8b465ee728b)  -> (artifact id: '066bbf1d91ec93fbf010c7ea9596a099') in 0.005179 seconds 
========================================================================
Received Import Request.
  Time since last request: 4.344472 seconds.
  path: Assets/Sprites
  artifactKey: Guid(a57fb50dc7540904fafd676af568a54d) Importer(815301076,1909f56bfc062723c751e8b465ee728b)
Start importing Assets/Sprites using Guid(a57fb50dc7540904fafd676af568a54d) Importer(815301076,1909f56bfc062723c751e8b465ee728b)  -> (artifact id: '15f84f0a1599d85cb8a2f64188dc64c8') in 0.005474 seconds 
========================================================================
Received Import Request.
  Time since last request: 5.075645 seconds.
  path: Assets/04. Sprites
  artifactKey: Guid(a57fb50dc7540904fafd676af568a54d) Importer(815301076,1909f56bfc062723c751e8b465ee728b)
Start importing Assets/04. Sprites using Guid(a57fb50dc7540904fafd676af568a54d) Importer(815301076,1909f56bfc062723c751e8b465ee728b)  -> (artifact id: '9a91a9da5eca5c42d72718d972901170') in 0.005066 seconds 
========================================================================
Received Import Request.
  Time since last request: 3.572495 seconds.
  path: Assets/Audio
  artifactKey: Guid(b5038dad56fd3d349bcc42efc7a91068) Importer(815301076,1909f56bfc062723c751e8b465ee728b)
Start importing Assets/Audio using Guid(b5038dad56fd3d349bcc42efc7a91068) Importer(815301076,1909f56bfc062723c751e8b465ee728b)  -> (artifact id: '1ff88bf4ba4752dfb24b76938b7f5dee') in 0.005846 seconds 
========================================================================
Received Import Request.
  Time since last request: 3.299931 seconds.
  path: Assets/05. Audio
  artifactKey: Guid(b5038dad56fd3d349bcc42efc7a91068) Importer(815301076,1909f56bfc062723c751e8b465ee728b)
Start importing Assets/05. Audio using Guid(b5038dad56fd3d349bcc42efc7a91068) Importer(815301076,1909f56bfc062723c751e8b465ee728b)  -> (artifact id: 'cc12171b7650d785b3133d974d3ee48c') in 0.005088 seconds 
========================================================================
Received Import Request.
  Time since last request: 1.039332 seconds.
  path: Assets/Font
  artifactKey: Guid(309b7eb00e1947c44a5aad9fd8458938) Importer(815301076,1909f56bfc062723c751e8b465ee728b)
Start importing Assets/Font using Guid(309b7eb00e1947c44a5aad9fd8458938) Importer(815301076,1909f56bfc062723c751e8b465ee728b)  -> (artifact id: '421c1a8670e63d8c6e9767249092f3e4') in 0.006672 seconds 
========================================================================
Received Import Request.
  Time since last request: 2.889058 seconds.
  path: Assets/06. Font
  artifactKey: Guid(309b7eb00e1947c44a5aad9fd8458938) Importer(815301076,1909f56bfc062723c751e8b465ee728b)
Start importing Assets/06. Font using Guid(309b7eb00e1947c44a5aad9fd8458938) Importer(815301076,1909f56bfc062723c751e8b465ee728b)  -> (artifact id: '62e5682a8a797af15f90eee3dc1c9f9f') in 0.006240 seconds 
========================================================================
Received Import Request.
  Time since last request: 47.230989 seconds.
  path: Assets/01. Scenes/Main.unity
  artifactKey: Guid(0b9559a1dd3b42a408698491aad918c8) Importer(815301076,1909f56bfc062723c751e8b465ee728b)
Start importing Assets/01. Scenes/Main.unity using Guid(0b9559a1dd3b42a408698491aad918c8) Importer(815301076,1909f56bfc062723c751e8b465ee728b)  -> (artifact id: '70f4b3ccc49655a748fc6009f0b9995e') in 0.006312 seconds 
========================================================================
Received Import Request.
  Time since last request: 33.756656 seconds.
  path: Assets/04. Sprites/Platform_Long.png
  artifactKey: Guid(60b5cbf910608489ea5d7bbe0acbf14a) Importer(815301076,1909f56bfc062723c751e8b465ee728b)
Start importing Assets/04. Sprites/Platform_Long.png using Guid(60b5cbf910608489ea5d7bbe0acbf14a) Importer(815301076,1909f56bfc062723c751e8b465ee728b)  -> (artifact id: '07b935f88bbb1f0f50f9769b15f31d67') in 0.121242 seconds 
========================================================================
Received Import Request.
  Time since last request: 75.113873 seconds.
  path: Assets/04. Sprites/Platform.png
  artifactKey: Guid(5741b32a258714aeb878182f438cb29f) Importer(815301076,1909f56bfc062723c751e8b465ee728b)
Start importing Assets/04. Sprites/Platform.png using Guid(5741b32a258714aeb878182f438cb29f) Importer(815301076,1909f56bfc062723c751e8b465ee728b)  -> (artifact id: '1eb12f416c013ba2f4d2c8fac9bd29c7') in 0.022843 seconds 
========================================================================
Received Import Request.
  Time since last request: 1376.975533 seconds.
  path: ProjectSettings/TagManager.asset
  artifactKey: Guid(00000000000000003000000000000000) Importer(815301076,1909f56bfc062723c751e8b465ee728b)
Start importing ProjectSettings/TagManager.asset using Guid(00000000000000003000000000000000) Importer(815301076,1909f56bfc062723c751e8b465ee728b)  -> (artifact id: '5f74b9f0782f3ffe8a654b2b60a9f33c') in 0.009090 seconds 
========================================================================
Received Import Request.
  Time since last request: 392.354012 seconds.
  path: Assets/04. Sprites/Toko_Die.png
  artifactKey: Guid(5b9cf154823f6440b9c40d54c5d1bdad) Importer(815301076,1909f56bfc062723c751e8b465ee728b)
Start importing Assets/04. Sprites/Toko_Die.png using Guid(5b9cf154823f6440b9c40d54c5d1bdad) Importer(815301076,1909f56bfc062723c751e8b465ee728b)  -> (artifact id: '21205ad4b4ba067b466df598879bcfb2') in 0.041756 seconds 
========================================================================
Received Import Request.
  Time since last request: 20.918606 seconds.
  path: Assets/04. Sprites/Toko_Jump.png
  artifactKey: Guid(f716f7502ddb743ef982e4d223876d5c) Importer(815301076,1909f56bfc062723c751e8b465ee728b)
Start importing Assets/04. Sprites/Toko_Jump.png using Guid(f716f7502ddb743ef982e4d223876d5c) Importer(815301076,1909f56bfc062723c751e8b465ee728b)  -> (artifact id: '951c791de37064a52c19c3ea31254b41') in 0.027727 seconds 
========================================================================
Received Import Request.
  Time since last request: 7.499966 seconds.
  path: Assets/04. Sprites/Toko_Run.png
  artifactKey: Guid(d7159a67a357942ef8404ce06e20db64) Importer(815301076,1909f56bfc062723c751e8b465ee728b)
Start importing Assets/04. Sprites/Toko_Run.png using Guid(d7159a67a357942ef8404ce06e20db64) Importer(815301076,1909f56bfc062723c751e8b465ee728b)  -> (artifact id: '492657bf413bf9899eae9068300d67fb') in 0.017457 seconds 
========================================================================
Received Import Request.
  Time since last request: 923.778074 seconds.
  path: Assets/04. Sprites/Toko_Run.png
  artifactKey: Guid(d7159a67a357942ef8404ce06e20db64) Importer(815301076,1909f56bfc062723c751e8b465ee728b)
Start importing Assets/04. Sprites/Toko_Run.png using Guid(d7159a67a357942ef8404ce06e20db64) Importer(815301076,1909f56bfc062723c751e8b465ee728b)  -> (artifact id: '41d39e8a51a106e7a6eccce25122e328') in 0.018742 seconds 
========================================================================
Received Import Request.
  Time since last request: 88.040523 seconds.
  path: Assets/04. Sprites/Toko_Run.png
  artifactKey: Guid(d7159a67a357942ef8404ce06e20db64) Importer(815301076,1909f56bfc062723c751e8b465ee728b)
Start importing Assets/04. Sprites/Toko_Run.png using Guid(d7159a67a357942ef8404ce06e20db64) Importer(815301076,1909f56bfc062723c751e8b465ee728b)  -> (artifact id: 'b0c300a53172711d8d8f1e4b2a509d04') in 0.015915 seconds 
========================================================================
Received Import Request.
  Time since last request: 5.135909 seconds.
  path: Assets/04. Sprites/Toko_Run.png
  artifactKey: Guid(d7159a67a357942ef8404ce06e20db64) Importer(815301076,1909f56bfc062723c751e8b465ee728b)
Start importing Assets/04. Sprites/Toko_Run.png using Guid(d7159a67a357942ef8404ce06e20db64) Importer(815301076,1909f56bfc062723c751e8b465ee728b)  -> (artifact id: '100a1fabbc02fed2997d5ff21bd92f67') in 0.008042 seconds 
========================================================================
Received Import Request.
  Time since last request: 94.961807 seconds.
  path: Packages/com.unity.2d.sprite
  artifactKey: Guid(0901a6b758d060e9422c4f8d588d5895) Importer(815301076,1909f56bfc062723c751e8b465ee728b)
Start importing Packages/com.unity.2d.sprite using Guid(0901a6b758d060e9422c4f8d588d5895) Importer(815301076,1909f56bfc062723c751e8b465ee728b)  -> (artifact id: '2214c561e54f21afc32773d6d2893b48') in 0.006775 seconds 
========================================================================
Received Import Request.
  Time since last request: 437.054373 seconds.
  path: Assets/04. Sprites/Toko_Run.png
  artifactKey: Guid(d7159a67a357942ef8404ce06e20db64) Importer(815301076,1909f56bfc062723c751e8b465ee728b)
Start importing Assets/04. Sprites/Toko_Run.png using Guid(d7159a67a357942ef8404ce06e20db64) Importer(815301076,1909f56bfc062723c751e8b465ee728b)  -> (artifact id: '308368bbc98bc768e6a363daf1905aba') in 0.034682 seconds 
